﻿buitienthanh‣MAXARR1: 100.00
MAXARR1.cpp
Dịch thành công

buitienthanh‣MAXARR1‣TEST01: 10.00
Thời gian ≈ 0.030048332 giây
Kết quả khớp đáp án!
buitienthanh‣MAXARR1‣TEST02: 10.00
Thời gian ≈ 0.024558032 giây
Kết quả khớp đáp án!
buitienthanh‣MAXARR1‣TEST03: 10.00
Thời gian ≈ 0.033364341 giây
Kết quả khớp đáp án!
buitienthanh‣MAXARR1‣TEST04: 10.00
Thời gian ≈ 0.035062199 giây
Kết quả khớp đáp án!
buitienthanh‣MAXARR1‣TEST05: 10.00
Thời gian ≈ 0.045262029 giây
Kết quả khớp đáp án!
buitienthanh‣MAXARR1‣TEST06: 10.00
Thời gian ≈ 0.031228545 giây
Kết quả khớp đáp án!
buitienthanh‣MAXARR1‣TEST07: 10.00
Thời gian ≈ 0.138358009 giây
Kết quả khớp đáp án!
buitienthanh‣MAXARR1‣TEST08: 10.00
Thời gian ≈ 0.138796853 giây
Kết quả khớp đáp án!
buitienthanh‣MAXARR1‣TEST09: 10.00
Thời gian ≈ 0.101812619 giây
Kết quả khớp đáp án!
buitienthanh‣MAXARR1‣TEST10: 10.00
Thời gian ≈ 0.106439724 giây
Kết quả khớp đáp án!
