pos is:               1 7 8 9 2 3 11 13 14 4 10 15 5 6 12 16 17 18 
heavy is:             5 3 -1 11 6 10 15 9 -1 13 -1 -1 14 -1 -1 -1 -1 -1 
depth is:             0 1 2 1 1 2 1 1 2 3 2 2 4 5 2 2 2 4 
parent is:            -1 1 2 1 1 5 1 1 8 6 4 4 10 13 7 5 2 10 
pathRoot is:          1 2 2 4 1 1 7 8 8 1 4 12 1 1 7 16 17 18 
counter_pos is:       1 5 6 10 13 14 2 3 4 11 7 15 8 9 12 16 17 18 
Initial baseArray is: 0 188185 671501 792598 392999 722879 417830 701353 522204 378073 697554 95718 689151 744777 423089 700086 287079 307156 
id is:                1 2 3 4 5 6 7 8 9 10 11 12 13 14 15 16 17 18 
Operation #1: Change edge #5 or (6 - 5) by 570273 
baseArray is:         0 417830 701353 522204 188185 570273 697554 689151 744777 792598 378073 423089 392999 722879 95718 700086 287079 307156 
-----------------------------------
Operation #2: Change edge #4 or (5 - 1) by 879223 
baseArray is:         0 417830 701353 522204 879223 570273 697554 689151 744777 792598 378073 423089 392999 722879 95718 700086 287079 307156 
-----------------------------------
Operation #3: Change edge #8 or (9 - 8) by 730556 
baseArray is:         0 417830 701353 522204 879223 570273 697554 689151 730556 792598 378073 423089 392999 722879 95718 700086 287079 307156 
-----------------------------------
Operation #4: Change edge #8 or (9 - 8) by 276462 
baseArray is:         0 417830 701353 522204 879223 570273 697554 689151 276462 792598 378073 423089 392999 722879 95718 700086 287079 307156 
-----------------------------------
Operation #5: Change edge #12 or (13 - 10) by 985471 
baseArray is:         0 417830 701353 522204 879223 570273 697554 689151 276462 792598 378073 423089 985471 722879 95718 700086 287079 307156 
-----------------------------------
Operation #6: Change edge #1 or (2 - 1) by 387460 
baseArray is:         0 387460 701353 522204 879223 570273 697554 689151 276462 792598 378073 423089 985471 722879 95718 700086 287079 307156 
-----------------------------------
Operation #7: Change edge #5 or (6 - 5) by 288629 
baseArray is:         0 387460 701353 522204 879223 288629 697554 689151 276462 792598 378073 423089 985471 722879 95718 700086 287079 307156 
-----------------------------------
Operation #1: Query path from 2 to 7: 
ST query from - to: 11 11  w/ ret = 697554
Query 2 7 or 11 12
ST query from - to: 7 7  w/ ret = 697554
Query 1 2 or 7 8
Query: 1 1
baseArray is:         0 387460 701353 522204 879223 288629 697554 689151 276462 792598 378073 423089 985471 722879 95718 700086 287079 307156 
Result: 697554
-----------------------------------
Operation #8: Change edge #11 or (12 - 4) by 863996 
baseArray is:         0 387460 701353 522204 879223 288629 697554 689151 276462 792598 378073 863996 985471 722879 95718 700086 287079 307156 
-----------------------------------
Operation #2: Query path from 17 to 10: 
ST query from - to: 17 17  w/ ret = 287079
Query 10 17 or 17 18
ST query from - to: 7 7  w/ ret = 387460
Query 10 2 or 7 8
Query: 10 1
ST query from - to: 2 4  w/ ret = 879223
baseArray is:         0 387460 701353 522204 879223 288629 697554 689151 276462 792598 378073 863996 985471 722879 95718 700086 287079 307156 
Result: 879223
-----------------------------------
Operation #3: Query path from 12 to 17: 
ST query from - to: 17 17  w/ ret = 287079
Query 12 17 or 17 18
ST query from - to: 15 15  w/ ret = 863996
Query 2 12 or 15 16
ST query from - to: 9 9  w/ ret = 863996
Query 2 4 or 9 10
ST query from - to: 7 7  w/ ret = 863996
Query 1 2 or 7 8
Query: 1 1
baseArray is:         0 387460 701353 522204 879223 288629 697554 689151 276462 792598 378073 863996 985471 722879 95718 700086 287079 307156 
Result: 863996
-----------------------------------
Operation #4: Query path from 15 to 7: 
Query: 15 7
ST query from - to: 12 12  w/ ret = 95718
baseArray is:         0 387460 701353 522204 879223 288629 697554 689151 276462 792598 378073 863996 985471 722879 95718 700086 287079 307156 
Result: 95718
-----------------------------------
Operation #5: Query path from 10 to 4: 
ST query from - to: 9 9  w/ ret = 522204
Query 10 4 or 9 10
Query: 10 1
ST query from - to: 2 4  w/ ret = 879223
baseArray is:         0 387460 701353 522204 879223 288629 697554 689151 276462 792598 378073 863996 985471 722879 95718 700086 287079 307156 
Result: 879223
-----------------------------------
Operation #9: Change edge #5 or (6 - 5) by 777693 
baseArray is:         0 387460 701353 522204 879223 777693 697554 689151 276462 792598 378073 863996 985471 722879 95718 700086 287079 307156 
-----------------------------------
Operation #10: Change edge #9 or (10 - 6) by 714288 
baseArray is:         0 387460 701353 522204 879223 777693 697554 689151 276462 714288 378073 863996 985471 722879 95718 700086 287079 307156 
-----------------------------------
Operation #11: Change edge #8 or (9 - 8) by 623854 
baseArray is:         0 387460 701353 522204 879223 777693 697554 689151 623854 714288 378073 863996 985471 722879 95718 700086 287079 307156 
-----------------------------------
Operation #12: Change edge #1 or (2 - 1) by 478534 
baseArray is:         0 478534 701353 522204 879223 777693 697554 689151 623854 714288 378073 863996 985471 722879 95718 700086 287079 307156 
-----------------------------------
Operation #13: Change edge #2 or (3 - 2) by 994963 
baseArray is:         0 478534 994963 522204 879223 777693 697554 689151 623854 714288 378073 863996 985471 722879 95718 700086 287079 307156 
-----------------------------------
Operation #14: Change edge #4 or (5 - 1) by 334266 
baseArray is:         0 478534 994963 522204 334266 777693 697554 689151 623854 714288 378073 863996 985471 722879 95718 700086 287079 307156 
-----------------------------------
Operation #15: Change edge #1 or (2 - 1) by 137325 
baseArray is:         0 137325 994963 522204 334266 777693 697554 689151 623854 714288 378073 863996 985471 722879 95718 700086 287079 307156 
-----------------------------------
Operation #6: Query path from 12 to 18: 
ST query from - to: 18 18  w/ ret = 307156
Query 12 18 or 18 19
ST query from - to: 15 15  w/ ret = 863996
Query 10 12 or 15 16
ST query from - to: 9 9  w/ ret = 863996
Query 10 4 or 9 10
Query: 10 1
ST query from - to: 2 4  w/ ret = 863996
baseArray is:         0 137325 994963 522204 334266 777693 697554 689151 623854 714288 378073 863996 985471 722879 95718 700086 287079 307156 
Result: 863996
-----------------------------------
Operation #7: Query path from 8 to 12: 
ST query from - to: 15 15  w/ ret = 863996
Query 8 12 or 15 16
ST query from - to: 9 9  w/ ret = 863996
Query 8 4 or 9 10
ST query from - to: 13 13  w/ ret = 863996
Query 1 8 or 13 14
Query: 1 1
baseArray is:         0 137325 994963 522204 334266 777693 697554 689151 623854 714288 378073 863996 985471 722879 95718 700086 287079 307156 
Result: 863996
-----------------------------------
Operation #16: Change edge #14 or (15 - 7) by 156983 
baseArray is:         0 137325 994963 522204 334266 777693 697554 689151 623854 714288 378073 863996 985471 722879 156983 700086 287079 307156 
-----------------------------------
Operation #8: Query path from 10 to 12: 
ST query from - to: 15 15  w/ ret = 863996
Query 10 12 or 15 16
ST query from - to: 9 9  w/ ret = 863996
Query 10 4 or 9 10
Query: 10 1
ST query from - to: 2 4  w/ ret = 863996
baseArray is:         0 137325 994963 522204 334266 777693 697554 689151 623854 714288 378073 863996 985471 722879 156983 700086 287079 307156 
Result: 863996
-----------------------------------
Operation #9: Query path from 17 to 1: 
ST query from - to: 17 17  w/ ret = 287079
Query 1 17 or 17 18
ST query from - to: 7 7  w/ ret = 287079
Query 1 2 or 7 8
Query: 1 1
baseArray is:         0 137325 994963 522204 334266 777693 697554 689151 623854 714288 378073 863996 985471 722879 156983 700086 287079 307156 
Result: 287079
-----------------------------------
Operation #10: Query path from 14 to 1: 
Query: 14 1
ST query from - to: 2 6  w/ ret = 985471
baseArray is:         0 137325 994963 522204 334266 777693 697554 689151 623854 714288 378073 863996 985471 722879 156983 700086 287079 307156 
Result: 985471
-----------------------------------
Operation #17: Change edge #16 or (17 - 2) by 344840 
baseArray is:         0 137325 994963 522204 334266 777693 697554 689151 623854 714288 378073 863996 985471 722879 156983 700086 344840 307156 
-----------------------------------
Operation #11: Query path from 13 to 17: 
ST query from - to: 17 17  w/ ret = 344840
Query 13 17 or 17 18
ST query from - to: 7 7  w/ ret = 344840
Query 13 2 or 7 8
Query: 13 1
ST query from - to: 2 5  w/ ret = 985471
baseArray is:         0 137325 994963 522204 334266 777693 697554 689151 623854 714288 378073 863996 985471 722879 156983 700086 344840 307156 
Result: 985471
-----------------------------------
Operation #18: Change edge #6 or (7 - 1) by 411452 
baseArray is:         0 137325 994963 522204 334266 777693 411452 689151 623854 714288 378073 863996 985471 722879 156983 700086 344840 307156 
-----------------------------------
Operation #12: Query path from 7 to 3: 
ST query from - to: 7 8  w/ ret = 994963
Query 7 3 or 7 9
ST query from - to: 11 11  w/ ret = 994963
Query 1 7 or 11 12
Query: 1 1
baseArray is:         0 137325 994963 522204 334266 777693 411452 689151 623854 714288 378073 863996 985471 722879 156983 700086 344840 307156 
Result: 994963
-----------------------------------
Operation #13: Query path from 17 to 14: 
ST query from - to: 17 17  w/ ret = 344840
Query 14 17 or 17 18
ST query from - to: 7 7  w/ ret = 344840
Query 14 2 or 7 8
Query: 14 1
ST query from - to: 2 6  w/ ret = 985471
baseArray is:         0 137325 994963 522204 334266 777693 411452 689151 623854 714288 378073 863996 985471 722879 156983 700086 344840 307156 
Result: 985471
-----------------------------------
Operation #19: Change edge #14 or (15 - 7) by 724377 
baseArray is:         0 137325 994963 522204 334266 777693 411452 689151 623854 714288 378073 863996 985471 722879 724377 700086 344840 307156 
-----------------------------------
Operation #14: Query path from 17 to 12: 
ST query from - to: 15 15  w/ ret = 863996
Query 17 12 or 15 16
ST query from - to: 17 17  w/ ret = 863996
Query 4 17 or 17 18
ST query from - to: 7 7  w/ ret = 863996
Query 4 2 or 7 8
ST query from - to: 9 9  w/ ret = 863996
Query 1 4 or 9 10
Query: 1 1
baseArray is:         0 137325 994963 522204 334266 777693 411452 689151 623854 714288 378073 863996 985471 722879 724377 700086 344840 307156 
Result: 863996
-----------------------------------
Operation #15: Query path from 13 to 1: 
Query: 13 1
ST query from - to: 2 5  w/ ret = 985471
baseArray is:         0 137325 994963 522204 334266 777693 411452 689151 623854 714288 378073 863996 985471 722879 724377 700086 344840 307156 
Result: 985471
-----------------------------------
Operation #20: Change edge #12 or (13 - 10) by 78493 
baseArray is:         0 137325 994963 522204 334266 777693 411452 689151 623854 714288 378073 863996 78493 722879 724377 700086 344840 307156 
-----------------------------------
Operation #16: Query path from 13 to 12: 
ST query from - to: 15 15  w/ ret = 863996
Query 13 12 or 15 16
ST query from - to: 9 9  w/ ret = 863996
Query 13 4 or 9 10
Query: 13 1
ST query from - to: 2 5  w/ ret = 863996
baseArray is:         0 137325 994963 522204 334266 777693 411452 689151 623854 714288 378073 863996 78493 722879 724377 700086 344840 307156 
Result: 863996
-----------------------------------
Operation #17: Query path from 12 to 17: 
ST query from - to: 17 17  w/ ret = 344840
Query 12 17 or 17 18
ST query from - to: 15 15  w/ ret = 863996
Query 2 12 or 15 16
ST query from - to: 9 9  w/ ret = 863996
Query 2 4 or 9 10
ST query from - to: 7 7  w/ ret = 863996
Query 1 2 or 7 8
Query: 1 1
baseArray is:         0 137325 994963 522204 334266 777693 411452 689151 623854 714288 378073 863996 78493 722879 724377 700086 344840 307156 
Result: 863996
-----------------------------------
Operation #18: Query path from 9 to 11: 
ST query from - to: 9 10  w/ ret = 522204
Query 9 11 or 9 11
ST query from - to: 13 14  w/ ret = 689151
Query 1 9 or 13 15
Query: 1 1
baseArray is:         0 137325 994963 522204 334266 777693 411452 689151 623854 714288 378073 863996 78493 722879 724377 700086 344840 307156 
Result: 689151
-----------------------------------
Operation #19: Query path from 2 to 12: 
ST query from - to: 15 15  w/ ret = 863996
Query 2 12 or 15 16
ST query from - to: 9 9  w/ ret = 863996
Query 2 4 or 9 10
ST query from - to: 7 7  w/ ret = 863996
Query 1 2 or 7 8
Query: 1 1
baseArray is:         0 137325 994963 522204 334266 777693 411452 689151 623854 714288 378073 863996 78493 722879 724377 700086 344840 307156 
Result: 863996
-----------------------------------
Operation #21: Change edge #13 or (14 - 13) by 849845 
baseArray is:         0 137325 994963 522204 334266 777693 411452 689151 623854 714288 378073 863996 78493 849845 724377 700086 344840 307156 
-----------------------------------
Operation #22: Change edge #4 or (5 - 1) by 828943 
baseArray is:         0 137325 994963 522204 828943 777693 411452 689151 623854 714288 378073 863996 78493 849845 724377 700086 344840 307156 
-----------------------------------
Operation #20: Query path from 18 to 18: 
Query: 18 18
baseArray is:         0 137325 994963 522204 828943 777693 411452 689151 623854 714288 378073 863996 78493 849845 724377 700086 344840 307156 
Result: 0
-----------------------------------
Operation #21: Query path from 17 to 16: 
ST query from - to: 16 16  w/ ret = 700086
Query 17 16 or 16 17
ST query from - to: 17 17  w/ ret = 700086
Query 5 17 or 17 18
ST query from - to: 7 7  w/ ret = 700086
Query 5 2 or 7 8
Query: 5 1
ST query from - to: 2 2  w/ ret = 828943
baseArray is:         0 137325 994963 522204 828943 777693 411452 689151 623854 714288 378073 863996 78493 849845 724377 700086 344840 307156 
Result: 828943
-----------------------------------
Operation #22: Query path from 17 to 10: 
ST query from - to: 17 17  w/ ret = 344840
Query 10 17 or 17 18
ST query from - to: 7 7  w/ ret = 344840
Query 10 2 or 7 8
Query: 10 1
ST query from - to: 2 4  w/ ret = 828943
baseArray is:         0 137325 994963 522204 828943 777693 411452 689151 623854 714288 378073 863996 78493 849845 724377 700086 344840 307156 
Result: 828943
-----------------------------------
Operation #23: Query path from 9 to 1: 
ST query from - to: 13 14  w/ ret = 689151
Query 1 9 or 13 15
Query: 1 1
baseArray is:         0 137325 994963 522204 828943 777693 411452 689151 623854 714288 378073 863996 78493 849845 724377 700086 344840 307156 
Result: 689151
-----------------------------------
Operation #23: Change edge #12 or (13 - 10) by 409767 
baseArray is:         0 137325 994963 522204 828943 777693 411452 689151 623854 714288 378073 863996 409767 849845 724377 700086 344840 307156 
-----------------------------------
Operation #24: Query path from 9 to 5: 
ST query from - to: 13 14  w/ ret = 689151
Query 5 9 or 13 15
Query: 5 1
ST query from - to: 2 2  w/ ret = 828943
baseArray is:         0 137325 994963 522204 828943 777693 411452 689151 623854 714288 378073 863996 409767 849845 724377 700086 344840 307156 
Result: 828943
-----------------------------------
Operation #25: Query path from 9 to 11: 
ST query from - to: 9 10  w/ ret = 522204
Query 9 11 or 9 11
ST query from - to: 13 14  w/ ret = 689151
Query 1 9 or 13 15
Query: 1 1
baseArray is:         0 137325 994963 522204 828943 777693 411452 689151 623854 714288 378073 863996 409767 849845 724377 700086 344840 307156 
Result: 689151
-----------------------------------
Operation #26: Query path from 8 to 12: 
ST query from - to: 15 15  w/ ret = 863996
Query 8 12 or 15 16
ST query from - to: 9 9  w/ ret = 863996
Query 8 4 or 9 10
ST query from - to: 13 13  w/ ret = 863996
Query 1 8 or 13 14
Query: 1 1
baseArray is:         0 137325 994963 522204 828943 777693 411452 689151 623854 714288 378073 863996 409767 849845 724377 700086 344840 307156 
Result: 863996
-----------------------------------
Operation #27: Query path from 7 to 13: 
ST query from - to: 11 11  w/ ret = 411452
Query 13 7 or 11 12
Query: 13 1
ST query from - to: 2 5  w/ ret = 828943
baseArray is:         0 137325 994963 522204 828943 777693 411452 689151 623854 714288 378073 863996 409767 849845 724377 700086 344840 307156 
Result: 828943
-----------------------------------
Operation #28: Query path from 9 to 7: 
ST query from - to: 11 11  w/ ret = 411452
Query 9 7 or 11 12
ST query from - to: 13 14  w/ ret = 689151
Query 1 9 or 13 15
Query: 1 1
baseArray is:         0 137325 994963 522204 828943 777693 411452 689151 623854 714288 378073 863996 409767 849845 724377 700086 344840 307156 
Result: 689151
-----------------------------------
Operation #29: Query path from 3 to 5: 
ST query from - to: 7 8  w/ ret = 994963
Query 5 3 or 7 9
Query: 5 1
ST query from - to: 2 2  w/ ret = 994963
baseArray is:         0 137325 994963 522204 828943 777693 411452 689151 623854 714288 378073 863996 409767 849845 724377 700086 344840 307156 
Result: 994963
-----------------------------------
Operation #30: Query path from 18 to 3: 
ST query from - to: 18 18  w/ ret = 307156
Query 3 18 or 18 19
ST query from - to: 7 8  w/ ret = 994963
Query 10 3 or 7 9
Query: 10 1
ST query from - to: 2 4  w/ ret = 994963
baseArray is:         0 137325 994963 522204 828943 777693 411452 689151 623854 714288 378073 863996 409767 849845 724377 700086 344840 307156 
Result: 994963
-----------------------------------
Operation #24: Change edge #2 or (3 - 2) by 85441 
baseArray is:         0 137325 85441 522204 828943 777693 411452 689151 623854 714288 378073 863996 409767 849845 724377 700086 344840 307156 
-----------------------------------
Operation #25: Change edge #7 or (8 - 1) by 245779 
baseArray is:         0 137325 85441 522204 828943 777693 411452 245779 623854 714288 378073 863996 409767 849845 724377 700086 344840 307156 
-----------------------------------
Operation #26: Change edge #6 or (7 - 1) by 10673 
baseArray is:         0 137325 85441 522204 828943 777693 10673 245779 623854 714288 378073 863996 409767 849845 724377 700086 344840 307156 
-----------------------------------
Operation #27: Change edge #17 or (18 - 10) by 402478 
baseArray is:         0 137325 85441 522204 828943 777693 10673 245779 623854 714288 378073 863996 409767 849845 724377 700086 344840 402478 
-----------------------------------
Operation #28: Change edge #2 or (3 - 2) by 766032 
baseArray is:         0 137325 766032 522204 828943 777693 10673 245779 623854 714288 378073 863996 409767 849845 724377 700086 344840 402478 
-----------------------------------
Operation #29: Change edge #11 or (12 - 4) by 283641 
baseArray is:         0 137325 766032 522204 828943 777693 10673 245779 623854 714288 378073 283641 409767 849845 724377 700086 344840 402478 
-----------------------------------
Operation #31: Query path from 17 to 14: 
ST query from - to: 17 17  w/ ret = 344840
Query 14 17 or 17 18
ST query from - to: 7 7  w/ ret = 344840
Query 14 2 or 7 8
Query: 14 1
ST query from - to: 2 6  w/ ret = 849845
baseArray is:         0 137325 766032 522204 828943 777693 10673 245779 623854 714288 378073 283641 409767 849845 724377 700086 344840 402478 
Result: 849845
-----------------------------------
Operation #30: Change edge #11 or (12 - 4) by 271610 
baseArray is:         0 137325 766032 522204 828943 777693 10673 245779 623854 714288 378073 271610 409767 849845 724377 700086 344840 402478 
-----------------------------------
Operation #31: Change edge #6 or (7 - 1) by 573078 
baseArray is:         0 137325 766032 522204 828943 777693 573078 245779 623854 714288 378073 271610 409767 849845 724377 700086 344840 402478 
-----------------------------------
Operation #32: Change edge #12 or (13 - 10) by 962833 
baseArray is:         0 137325 766032 522204 828943 777693 573078 245779 623854 714288 378073 271610 962833 849845 724377 700086 344840 402478 
-----------------------------------
Operation #33: Change edge #6 or (7 - 1) by 294602 
baseArray is:         0 137325 766032 522204 828943 777693 294602 245779 623854 714288 378073 271610 962833 849845 724377 700086 344840 402478 
-----------------------------------
Operation #32: Query path from 12 to 16: 
ST query from - to: 16 16  w/ ret = 700086
Query 12 16 or 16 17
ST query from - to: 15 15  w/ ret = 700086
Query 5 12 or 15 16
ST query from - to: 9 9  w/ ret = 700086
Query 5 4 or 9 10
Query: 5 1
ST query from - to: 2 2  w/ ret = 828943
baseArray is:         0 137325 766032 522204 828943 777693 294602 245779 623854 714288 378073 271610 962833 849845 724377 700086 344840 402478 
Result: 828943
-----------------------------------
Operation #33: Query path from 3 to 12: 
ST query from - to: 15 15  w/ ret = 271610
Query 3 12 or 15 16
ST query from - to: 9 9  w/ ret = 522204
Query 3 4 or 9 10
ST query from - to: 7 8  w/ ret = 766032
Query 1 3 or 7 9
Query: 1 1
baseArray is:         0 137325 766032 522204 828943 777693 294602 245779 623854 714288 378073 271610 962833 849845 724377 700086 344840 402478 
Result: 766032
-----------------------------------
Operation #34: Change edge #11 or (12 - 4) by 567267 
baseArray is:         0 137325 766032 522204 828943 777693 294602 245779 623854 714288 378073 567267 962833 849845 724377 700086 344840 402478 
-----------------------------------
Operation #34: Query path from 8 to 7: 
ST query from - to: 11 11  w/ ret = 294602
Query 8 7 or 11 12
ST query from - to: 13 13  w/ ret = 294602
Query 1 8 or 13 14
Query: 1 1
baseArray is:         0 137325 766032 522204 828943 777693 294602 245779 623854 714288 378073 567267 962833 849845 724377 700086 344840 402478 
Result: 294602
-----------------------------------
Operation #35: Change edge #12 or (13 - 10) by 117171 
baseArray is:         0 137325 766032 522204 828943 777693 294602 245779 623854 714288 378073 567267 117171 849845 724377 700086 344840 402478 
-----------------------------------
Operation #35: Query path from 8 to 9: 
Query: 8 9
ST query from - to: 14 14  w/ ret = 623854
baseArray is:         0 137325 766032 522204 828943 777693 294602 245779 623854 714288 378073 567267 117171 849845 724377 700086 344840 402478 
Result: 623854
-----------------------------------
Operation #36: Change edge #14 or (15 - 7) by 322893 
baseArray is:         0 137325 766032 522204 828943 777693 294602 245779 623854 714288 378073 567267 117171 849845 322893 700086 344840 402478 
-----------------------------------
Operation #36: Query path from 12 to 11: 
ST query from - to: 15 15  w/ ret = 567267
Query 11 12 or 15 16
Query: 11 4
ST query from - to: 10 10  w/ ret = 567267
baseArray is:         0 137325 766032 522204 828943 777693 294602 245779 623854 714288 378073 567267 117171 849845 322893 700086 344840 402478 
Result: 567267
-----------------------------------
Operation #37: Change edge #7 or (8 - 1) by 853752 
baseArray is:         0 137325 766032 522204 828943 777693 294602 853752 623854 714288 378073 567267 117171 849845 322893 700086 344840 402478 
-----------------------------------
Operation #37: Query path from 11 to 12: 
ST query from - to: 15 15  w/ ret = 567267
Query 11 12 or 15 16
Query: 11 4
ST query from - to: 10 10  w/ ret = 567267
baseArray is:         0 137325 766032 522204 828943 777693 294602 853752 623854 714288 378073 567267 117171 849845 322893 700086 344840 402478 
Result: 567267
-----------------------------------
Operation #38: Change edge #5 or (6 - 5) by 391753 
baseArray is:         0 137325 766032 522204 828943 391753 294602 853752 623854 714288 378073 567267 117171 849845 322893 700086 344840 402478 
-----------------------------------
Operation #38: Query path from 16 to 7: 
ST query from - to: 16 16  w/ ret = 700086
Query 7 16 or 16 17
ST query from - to: 11 11  w/ ret = 700086
Query 5 7 or 11 12
Query: 5 1
ST query from - to: 2 2  w/ ret = 828943
baseArray is:         0 137325 766032 522204 828943 391753 294602 853752 623854 714288 378073 567267 117171 849845 322893 700086 344840 402478 
Result: 828943
-----------------------------------
Operation #39: Query path from 17 to 8: 
ST query from - to: 17 17  w/ ret = 344840
Query 8 17 or 17 18
ST query from - to: 7 7  w/ ret = 344840
Query 8 2 or 7 8
ST query from - to: 13 13  w/ ret = 853752
Query 1 8 or 13 14
Query: 1 1
baseArray is:         0 137325 766032 522204 828943 391753 294602 853752 623854 714288 378073 567267 117171 849845 322893 700086 344840 402478 
Result: 853752
-----------------------------------
Operation #40: Query path from 13 to 13: 
Query: 13 13
baseArray is:         0 137325 766032 522204 828943 391753 294602 853752 623854 714288 378073 567267 117171 849845 322893 700086 344840 402478 
Result: 0
-----------------------------------
Operation #41: Query path from 12 to 14: 
ST query from - to: 15 15  w/ ret = 567267
Query 14 12 or 15 16
ST query from - to: 9 9  w/ ret = 567267
Query 14 4 or 9 10
Query: 14 1
ST query from - to: 2 6  w/ ret = 849845
baseArray is:         0 137325 766032 522204 828943 391753 294602 853752 623854 714288 378073 567267 117171 849845 322893 700086 344840 402478 
Result: 849845
-----------------------------------
Operation #42: Query path from 18 to 3: 
ST query from - to: 18 18  w/ ret = 402478
Query 3 18 or 18 19
ST query from - to: 7 8  w/ ret = 766032
Query 10 3 or 7 9
Query: 10 1
ST query from - to: 2 4  w/ ret = 828943
baseArray is:         0 137325 766032 522204 828943 391753 294602 853752 623854 714288 378073 567267 117171 849845 322893 700086 344840 402478 
Result: 828943
-----------------------------------
Operation #43: Query path from 1 to 9: 
ST query from - to: 13 14  w/ ret = 853752
Query 1 9 or 13 15
Query: 1 1
baseArray is:         0 137325 766032 522204 828943 391753 294602 853752 623854 714288 378073 567267 117171 849845 322893 700086 344840 402478 
Result: 853752
-----------------------------------
Operation #44: Query path from 3 to 18: 
ST query from - to: 18 18  w/ ret = 402478
Query 3 18 or 18 19
ST query from - to: 7 8  w/ ret = 766032
Query 10 3 or 7 9
Query: 10 1
ST query from - to: 2 4  w/ ret = 828943
baseArray is:         0 137325 766032 522204 828943 391753 294602 853752 623854 714288 378073 567267 117171 849845 322893 700086 344840 402478 
Result: 828943
-----------------------------------
Operation #39: Change edge #6 or (7 - 1) by 790551 
baseArray is:         0 137325 766032 522204 828943 391753 790551 853752 623854 714288 378073 567267 117171 849845 322893 700086 344840 402478 
-----------------------------------
Operation #45: Query path from 13 to 10: 
Query: 13 10
ST query from - to: 5 5  w/ ret = 117171
baseArray is:         0 137325 766032 522204 828943 391753 790551 853752 623854 714288 378073 567267 117171 849845 322893 700086 344840 402478 
Result: 117171
-----------------------------------
Operation #40: Change edge #6 or (7 - 1) by 526014 
baseArray is:         0 137325 766032 522204 828943 391753 526014 853752 623854 714288 378073 567267 117171 849845 322893 700086 344840 402478 
-----------------------------------
Operation #41: Change edge #6 or (7 - 1) by 734581 
baseArray is:         0 137325 766032 522204 828943 391753 734581 853752 623854 714288 378073 567267 117171 849845 322893 700086 344840 402478 
-----------------------------------
Operation #42: Change edge #7 or (8 - 1) by 768421 
baseArray is:         0 137325 766032 522204 828943 391753 734581 768421 623854 714288 378073 567267 117171 849845 322893 700086 344840 402478 
-----------------------------------
Operation #46: Query path from 13 to 13: 
Query: 13 13
baseArray is:         0 137325 766032 522204 828943 391753 734581 768421 623854 714288 378073 567267 117171 849845 322893 700086 344840 402478 
Result: 0
-----------------------------------
Operation #43: Change edge #10 or (11 - 4) by 350791 
baseArray is:         0 137325 766032 522204 828943 391753 734581 768421 623854 714288 350791 567267 117171 849845 322893 700086 344840 402478 
-----------------------------------
Operation #47: Query path from 2 to 2: 
Query: 2 2
baseArray is:         0 137325 766032 522204 828943 391753 734581 768421 623854 714288 350791 567267 117171 849845 322893 700086 344840 402478 
Result: 0
-----------------------------------
